{
  "RSpec": {
    "coverage": {
      "/Users/callapatel/Desktop/ADA/iglu/config/environment.rb": [
        null,
        1,
        null,
        null,
        1
      ],
      "/Users/callapatel/Desktop/ADA/iglu/config/application.rb": [
        1,
        null,
        null,
        1,
        1,
        1,
        1,
        1,
        1,
        1,
        null,
        null,
        null,
        null,
        1,
        null,
        1,
        1,
        null,
        null,
        null,
        null,
        null,
        null,
        null,
        null,
        null,
        null,
        null,
        null,
        null,
        1,
        null,
        null
      ],
      "/Users/callapatel/Desktop/ADA/iglu/config/boot.rb": [
        1,
        null,
        1
      ],
      "/Users/callapatel/Desktop/ADA/iglu/config/environments/test.rb": [
        1,
        null,
        null,
        null,
        null,
        null,
        null,
        1,
        null,
        null,
        null,
        null,
        1,
        null,
        null,
        1,
        1,
        null,
        null,
        1,
        1,
        null,
        null,
        1,
        null,
        null,
        1,
        null,
        null,
        null,
        null,
        1,
        null,
        null,
        1,
        null,
        null,
        1,
        null,
        null,
        null,
        null,
        null
      ],
      "/Users/callapatel/Desktop/ADA/iglu/config/initializers/assets.rb": [
        null,
        null,
        null,
        1,
        null,
        null,
        null,
        null,
        null,
        null,
        null
      ],
      "/Users/callapatel/Desktop/ADA/iglu/config/initializers/backtrace_silencers.rb": [
        null,
        null,
        null,
        null,
        null,
        null,
        null
      ],
      "/Users/callapatel/Desktop/ADA/iglu/config/initializers/cookies_serializer.rb": [
        null,
        null,
        1
      ],
      "/Users/callapatel/Desktop/ADA/iglu/config/initializers/filter_parameter_logging.rb": [
        null,
        null,
        null,
        1
      ],
      "/Users/callapatel/Desktop/ADA/iglu/config/initializers/inflections.rb": [
        null,
        null,
        null,
        null,
        null,
        null,
        null,
        null,
        null,
        null,
        null,
        null,
        null,
        null,
        null,
        null
      ],
      "/Users/callapatel/Desktop/ADA/iglu/config/initializers/mime_types.rb": [
        null,
        null,
        null,
        null
      ],
      "/Users/callapatel/Desktop/ADA/iglu/config/initializers/omniauth.rb": [
        1,
        1,
        null
      ],
      "/Users/callapatel/Desktop/ADA/iglu/config/initializers/session_store.rb": [
        null,
        null,
        1
      ],
      "/Users/callapatel/Desktop/ADA/iglu/config/initializers/wrap_parameters.rb": [
        null,
        null,
        null,
        null,
        null,
        null,
        1,
        1,
        null,
        null,
        null,
        null,
        null,
        null
      ],
      "/Users/callapatel/Desktop/ADA/iglu/config/routes.rb": [
        1,
        null,
        1,
        1,
        null,
        1,
        1,
        null,
        1,
        null,
        null,
        null,
        null,
        null,
        null,
        null,
        null,
        null,
        null,
        null,
        null,
        null,
        null,
        null,
        null,
        null,
        null,
        null,
        null,
        null,
        null,
        null,
        null,
        null,
        null,
        null,
        null,
        null,
        null,
        null,
        null,
        null,
        null,
        null,
        null,
        null,
        null,
        null,
        null,
        null,
        null,
        null,
        null,
        null,
        null,
        null,
        null,
        null,
        null,
        null,
        null,
        null,
        null,
        null,
        null,
        null
      ],
      "/Users/callapatel/Desktop/ADA/iglu/app/helpers/application_helper.rb": [
        1,
        null
      ],
      "/Users/callapatel/Desktop/ADA/iglu/spec/models/user_spec.rb": [
        1,
        null,
        1,
        5,
        null,
        null,
        null,
        null,
        null,
        null,
        null,
        1,
        1,
        1,
        null,
        1,
        1,
        1,
        null,
        1,
        1,
        1,
        null,
        1,
        1,
        1,
        null,
        null,
        1,
        1,
        1,
        null,
        1,
        1,
        null,
        1,
        1,
        1,
        1,
        null,
        null,
        null,
        null
      ],
      "/Users/callapatel/Desktop/ADA/iglu/app/models/user.rb": [
        1,
        1,
        null,
        1,
        null,
        null,
        null,
        1,
        0,
        null,
        null,
        null,
        null,
        null,
        null
      ]
    },
    "timestamp": 1422560684
  }
}
